Fri, 13 Jan 2017 01:12:01 GMT:
   [an.dy_url_shortener] Server Active on 3000
Fri, 13 Jan 2017 01:12:01 GMT:
   [an.dy_url_shortener] Connection has been established successfully.
Fri, 13 Jan 2017 01:12:42 GMT:
   [an.dy_url_shortener] Server Active on 3000
Fri, 13 Jan 2017 01:12:42 GMT:
   [an.dy_url_shortener] Connection has been established successfully.
Fri, 13 Jan 2017 01:32:55 GMT:
   [an.dy_url_shortener] Create MODEL working
Fri, 13 Jan 2017 01:32:55 GMT:
   [an.dy_url_shortener] POST works on /v1/urls and new short Url was created
Fri, 13 Jan 2017 01:32:55 GMT:
   [an.dy_url_shortener] Create MODEL working
Fri, 13 Jan 2017 01:32:55 GMT:
   [an.dy_url_shortener] POST works on /v1/urls and new short Url was created
Fri, 13 Jan 2017 01:33:19 GMT:
   [an.dy_url_shortener] GET ALL working
Fri, 13 Jan 2017 01:33:19 GMT:
   [an.dy_url_shortener] GET ALL working on /v1/urls
Fri, 13 Jan 2017 01:34:07 GMT:
   [an.dy_url_shortener] Server Active on 3000
Fri, 13 Jan 2017 01:34:08 GMT:
   [an.dy_url_shortener] Connection has been established successfully.
Fri, 13 Jan 2017 01:34:23 GMT:
   [an.dy_url_shortener] GET ALL Model working
Fri, 13 Jan 2017 01:34:23 GMT:
   [an.dy_url_shortener] GET ALL working on /v1/urls
Fri, 13 Jan 2017 01:34:23 GMT:
   [an.dy_url_shortener] GET ALL Model working
Fri, 13 Jan 2017 01:34:23 GMT:
   [an.dy_url_shortener] GET ALL working on /v1/urls
Fri, 13 Jan 2017 01:35:43 GMT:
   [an.dy_url_shortener] Server Active on 3000
Fri, 13 Jan 2017 01:35:54 GMT:
   [an.dy_url_shortener] GET ALL Model working
Fri, 13 Jan 2017 01:35:54 GMT:
   [an.dy_url_shortener] GET ALL working on /v1/urls
Fri, 13 Jan 2017 01:35:54 GMT:
   [an.dy_url_shortener] GET ALL Model working
Fri, 13 Jan 2017 01:35:54 GMT:
   [an.dy_url_shortener] GET ALL working on /v1/urls
Fri, 13 Jan 2017 01:36:06 GMT:
   [an.dy_url_shortener] GET ALL Model working
Fri, 13 Jan 2017 01:36:06 GMT:
   [an.dy_url_shortener] GET ALL working on /v1/urls
Fri, 13 Jan 2017 01:36:06 GMT:
   [an.dy_url_shortener] GET ALL Model working
Fri, 13 Jan 2017 01:36:06 GMT:
   [an.dy_url_shortener] GET ALL working on /v1/urls
Fri, 13 Jan 2017 01:36:25 GMT:
   [an.dy_url_shortener] Server Active on 3000
Fri, 13 Jan 2017 01:36:26 GMT:
   [an.dy_url_shortener] Connection has been established successfully.
Fri, 13 Jan 2017 01:38:00 GMT:
   [an.dy_url_shortener] Server Active on 3000
Fri, 13 Jan 2017 01:38:00 GMT:
   [an.dy_url_shortener] Unable to connect to the database.
Fri, 13 Jan 2017 01:38:17 GMT:
   [an.dy_url_shortener] Server Active on 3000
Fri, 13 Jan 2017 01:38:17 GMT:
   [an.dy_url_shortener] Connection has been established successfully.
Fri, 13 Jan 2017 01:38:24 GMT:
   [an.dy_url_shortener] GET ALL Model working
Fri, 13 Jan 2017 01:38:24 GMT:
   [an.dy_url_shortener] GET ALL working on /v1/urls
Fri, 13 Jan 2017 01:38:24 GMT:
   [an.dy_url_shortener] GET ALL Model working
Fri, 13 Jan 2017 01:38:24 GMT:
   [an.dy_url_shortener] GET ALL working on /v1/urls
Fri, 13 Jan 2017 01:38:27 GMT:
   [an.dy_url_shortener] GET ALL Model working
Fri, 13 Jan 2017 01:38:28 GMT:
   [an.dy_url_shortener] GET ALL working on /v1/urls
Fri, 13 Jan 2017 01:38:38 GMT:
   [an.dy_url_shortener] CREATE Model working
Fri, 13 Jan 2017 01:38:38 GMT:
   [an.dy_url_shortener] POST works on /v1/urls and new short Url was created
Fri, 13 Jan 2017 01:38:49 GMT:
   [an.dy_url_shortener] Server Active on 3000
Fri, 13 Jan 2017 01:38:49 GMT:
   [an.dy_url_shortener] Connection has been established successfully.
Fri, 13 Jan 2017 01:41:05 GMT:
   [an.dy_url_shortener] UPDATE by ID Model working
Fri, 13 Jan 2017 01:41:05 GMT:
   [an.dy_url_shortener] UPDATE working on /v1/urls/:id
Fri, 13 Jan 2017 01:41:39 GMT:
   [an.dy_url_shortener] GET by ID Model working
Fri, 13 Jan 2017 01:41:39 GMT:
   [an.dy_url_shortener] GET by ID working on /v1/urls/:id
Fri, 13 Jan 2017 01:42:20 GMT:
   [an.dy_url_shortener] Server Active on 3000
Fri, 13 Jan 2017 01:42:20 GMT:
   [an.dy_url_shortener] Connection has been established successfully.
Fri, 13 Jan 2017 01:42:30 GMT:
   [an.dy_url_shortener] Server Active on 3000
Fri, 13 Jan 2017 01:42:30 GMT:
   [an.dy_url_shortener] Connection has been established successfully.
Fri, 13 Jan 2017 01:42:42 GMT:
   [an.dy_url_shortener] GET by ID Model working
Fri, 13 Jan 2017 01:42:42 GMT:
   [an.dy_url_shortener] GET by ID working on /v1/urls/:id
Fri, 13 Jan 2017 01:43:25 GMT:
   [an.dy_url_shortener] UPDATE by ID Model working
Fri, 13 Jan 2017 01:43:25 GMT:
   [an.dy_url_shortener] UPDATE not working on /v1/urls/:id
Fri, 13 Jan 2017 01:45:11 GMT:
   [an.dy_url_shortener] Server Active on 3000
Fri, 13 Jan 2017 01:45:11 GMT:
   [an.dy_url_shortener] Connection has been established successfully.
Fri, 13 Jan 2017 01:45:15 GMT:
   [an.dy_url_shortener] UPDATE by ID Model working
Fri, 13 Jan 2017 01:45:15 GMT:
   [an.dy_url_shortener] UPDATE working on /v1/urls/:id but Id id not in database
Fri, 13 Jan 2017 01:45:43 GMT:
   [an.dy_url_shortener] Server Active on 3000
Fri, 13 Jan 2017 01:45:43 GMT:
   [an.dy_url_shortener] Connection has been established successfully.
Fri, 13 Jan 2017 01:46:19 GMT:
   [an.dy_url_shortener] GET by ID Model working
Fri, 13 Jan 2017 01:46:19 GMT:
   [an.dy_url_shortener] DELETE working on /v1/urls/:id
Fri, 13 Jan 2017 01:46:56 GMT:
   [an.dy_url_shortener] Server Active on 3000
Fri, 13 Jan 2017 01:46:56 GMT:
   [an.dy_url_shortener] Connection has been established successfully.
Fri, 13 Jan 2017 01:46:58 GMT:
   [an.dy_url_shortener] DELETE Model working
Fri, 13 Jan 2017 01:46:58 GMT:
   [an.dy_url_shortener] DELETE working on /v1/urls/:id
Fri, 13 Jan 2017 01:49:54 GMT:
   [an.dy_url_shortener] Server Active on 3000
Fri, 13 Jan 2017 01:49:54 GMT:
   [an.dy_url_shortener] Connection has been established successfully.
Fri, 13 Jan 2017 01:52:05 GMT:
   [an.dy_url_shortener] GO Model working
Fri, 13 Jan 2017 01:52:05 GMT:
   [an.dy_url_shortener] GO working on /:shortURL
Fri, 13 Jan 2017 01:52:34 GMT:
   [an.dy_url_shortener] Server Active on 3000
Fri, 13 Jan 2017 01:52:34 GMT:
   [an.dy_url_shortener] Connection has been established successfully.
